<?xml version="1.0" encoding="UTF-8"?>
<!-- Generated by org.testng.reporters.JUnitReportReporter -->
<testsuite hostname="AMIT" failures="0" tests="1" name="Selenium.TestNGclass" time="0.009" errors="0" timestamp="2022-10-01T16:51:19 IST" skipped="0">
  <testcase classname="Selenium.TestNGclass" name="taste" time="0.009"/>
  <system-out/>
</testsuite> <!-- Selenium.TestNGclass -->
